{"/Users/chulander/projects/job-challenges/knotapi/backend/knexfile.js": {"path":"/Users/chulander/projects/job-challenges/knotapi/backend/knexfile.js","statementMap":{"0":{"start":{"line":1,"column":15},"end":{"line":1,"column":37}},"1":{"start":{"line":2,"column":16},"end":{"line":2,"column":34}},"2":{"start":{"line":3,"column":0},"end":{"line":3,"column":16}},"3":{"start":{"line":5,"column":0},"end":{"line":32,"column":2}}},"fnMap":{},"branchMap":{},"s":{"0":3,"1":3,"2":3,"3":3},"f":{},"b":{},"_coverageSchema":"1a1c01bbd47fc00a2c39e90264f33305004495a9","hash":"b01cffce6c33751ada29b1f40e1d613a3181d6db"}
,"/Users/chulander/projects/job-challenges/knotapi/backend/migrations/01_create_users_table.js": {"path":"/Users/chulander/projects/job-challenges/knotapi/backend/migrations/01_create_users_table.js","statementMap":{"0":{"start":{"line":1,"column":0},"end":{"line":9,"column":2}},"1":{"start":{"line":2,"column":2},"end":{"line":8,"column":5}},"2":{"start":{"line":3,"column":4},"end":{"line":3,"column":37}},"3":{"start":{"line":4,"column":4},"end":{"line":4,"column":52}},"4":{"start":{"line":5,"column":4},"end":{"line":5,"column":49}},"5":{"start":{"line":6,"column":4},"end":{"line":6,"column":43}},"6":{"start":{"line":7,"column":4},"end":{"line":7,"column":59}},"7":{"start":{"line":11,"column":0},"end":{"line":13,"column":2}},"8":{"start":{"line":12,"column":2},"end":{"line":12,"column":40}}},"fnMap":{"0":{"name":"(anonymous_0)","decl":{"start":{"line":1,"column":13},"end":{"line":1,"column":14}},"loc":{"start":{"line":1,"column":28},"end":{"line":9,"column":1}},"line":1},"1":{"name":"(anonymous_1)","decl":{"start":{"line":2,"column":42},"end":{"line":2,"column":43}},"loc":{"start":{"line":2,"column":53},"end":{"line":8,"column":3}},"line":2},"2":{"name":"(anonymous_2)","decl":{"start":{"line":11,"column":15},"end":{"line":11,"column":16}},"loc":{"start":{"line":11,"column":30},"end":{"line":13,"column":1}},"line":11}},"branchMap":{},"s":{"0":3,"1":13,"2":13,"3":13,"4":13,"5":13,"6":13,"7":3,"8":13},"f":{"0":13,"1":13,"2":13},"b":{},"_coverageSchema":"1a1c01bbd47fc00a2c39e90264f33305004495a9","hash":"cb9b3bcbae58a8ff175eece0bac58a7c3c9478d8"}
,"/Users/chulander/projects/job-challenges/knotapi/backend/migrations/02_create_contacts_table.js": {"path":"/Users/chulander/projects/job-challenges/knotapi/backend/migrations/02_create_contacts_table.js","statementMap":{"0":{"start":{"line":1,"column":0},"end":{"line":19,"column":2}},"1":{"start":{"line":2,"column":2},"end":{"line":18,"column":5}},"2":{"start":{"line":3,"column":4},"end":{"line":3,"column":37}},"3":{"start":{"line":4,"column":4},"end":{"line":10,"column":27}},"4":{"start":{"line":11,"column":4},"end":{"line":11,"column":40}},"5":{"start":{"line":12,"column":4},"end":{"line":12,"column":45}},"6":{"start":{"line":13,"column":4},"end":{"line":13,"column":44}},"7":{"start":{"line":14,"column":4},"end":{"line":14,"column":47}},"8":{"start":{"line":15,"column":4},"end":{"line":15,"column":59}},"9":{"start":{"line":16,"column":4},"end":{"line":16,"column":59}},"10":{"start":{"line":17,"column":4},"end":{"line":17,"column":39}},"11":{"start":{"line":21,"column":0},"end":{"line":23,"column":2}},"12":{"start":{"line":22,"column":2},"end":{"line":22,"column":43}}},"fnMap":{"0":{"name":"(anonymous_0)","decl":{"start":{"line":1,"column":13},"end":{"line":1,"column":14}},"loc":{"start":{"line":1,"column":29},"end":{"line":19,"column":1}},"line":1},"1":{"name":"(anonymous_1)","decl":{"start":{"line":2,"column":45},"end":{"line":2,"column":46}},"loc":{"start":{"line":2,"column":56},"end":{"line":18,"column":3}},"line":2},"2":{"name":"(anonymous_2)","decl":{"start":{"line":21,"column":15},"end":{"line":21,"column":16}},"loc":{"start":{"line":21,"column":31},"end":{"line":23,"column":1}},"line":21}},"branchMap":{},"s":{"0":3,"1":13,"2":13,"3":13,"4":13,"5":13,"6":13,"7":13,"8":13,"9":13,"10":13,"11":3,"12":13},"f":{"0":13,"1":13,"2":13},"b":{},"_coverageSchema":"1a1c01bbd47fc00a2c39e90264f33305004495a9","hash":"51e382dffdb3627edecc07519564b0493f5e4a9d"}
,"/Users/chulander/projects/job-challenges/knotapi/backend/migrations/03_create_contact_history_table.js": {"path":"/Users/chulander/projects/job-challenges/knotapi/backend/migrations/03_create_contact_history_table.js","statementMap":{"0":{"start":{"line":1,"column":0},"end":{"line":16,"column":2}},"1":{"start":{"line":2,"column":2},"end":{"line":15,"column":5}},"2":{"start":{"line":3,"column":4},"end":{"line":3,"column":37}},"3":{"start":{"line":4,"column":4},"end":{"line":10,"column":27}},"4":{"start":{"line":11,"column":4},"end":{"line":11,"column":40}},"5":{"start":{"line":12,"column":4},"end":{"line":12,"column":30}},"6":{"start":{"line":13,"column":4},"end":{"line":13,"column":30}},"7":{"start":{"line":14,"column":4},"end":{"line":14,"column":59}},"8":{"start":{"line":18,"column":0},"end":{"line":20,"column":2}},"9":{"start":{"line":19,"column":2},"end":{"line":19,"column":50}}},"fnMap":{"0":{"name":"(anonymous_0)","decl":{"start":{"line":1,"column":13},"end":{"line":1,"column":14}},"loc":{"start":{"line":1,"column":29},"end":{"line":16,"column":1}},"line":1},"1":{"name":"(anonymous_1)","decl":{"start":{"line":2,"column":52},"end":{"line":2,"column":53}},"loc":{"start":{"line":2,"column":63},"end":{"line":15,"column":3}},"line":2},"2":{"name":"(anonymous_2)","decl":{"start":{"line":18,"column":15},"end":{"line":18,"column":16}},"loc":{"start":{"line":18,"column":31},"end":{"line":20,"column":1}},"line":18}},"branchMap":{},"s":{"0":3,"1":13,"2":13,"3":13,"4":13,"5":13,"6":13,"7":13,"8":3,"9":13},"f":{"0":13,"1":13,"2":13},"b":{},"_coverageSchema":"1a1c01bbd47fc00a2c39e90264f33305004495a9","hash":"d7b6f33d6d33f54949fc01e3ba49fc0f33435c49"}
,"/Users/chulander/projects/job-challenges/knotapi/backend/src/app.js": {"path":"/Users/chulander/projects/job-challenges/knotapi/backend/src/app.js","statementMap":{"0":{"start":{"line":1,"column":16},"end":{"line":1,"column":34}},"1":{"start":{"line":2,"column":13},"end":{"line":2,"column":28}},"2":{"start":{"line":3,"column":22},"end":{"line":3,"column":55}},"3":{"start":{"line":4,"column":19},"end":{"line":4,"column":49}},"4":{"start":{"line":5,"column":0},"end":{"line":5,"column":27}},"5":{"start":{"line":7,"column":12},"end":{"line":7,"column":21}},"6":{"start":{"line":9,"column":0},"end":{"line":9,"column":16}},"7":{"start":{"line":10,"column":0},"end":{"line":10,"column":24}},"8":{"start":{"line":12,"column":0},"end":{"line":12,"column":40}},"9":{"start":{"line":13,"column":0},"end":{"line":13,"column":34}},"10":{"start":{"line":15,"column":0},"end":{"line":15,"column":21}}},"fnMap":{},"branchMap":{},"s":{"0":3,"1":3,"2":3,"3":3,"4":3,"5":3,"6":3,"7":3,"8":3,"9":3,"10":3},"f":{},"b":{},"_coverageSchema":"1a1c01bbd47fc00a2c39e90264f33305004495a9","hash":"b9ba63f8d60946537d9fd8fe46d1e1e68d7b838b"}
,"/Users/chulander/projects/job-challenges/knotapi/backend/src/controllers/contactController.js": {"path":"/Users/chulander/projects/job-challenges/knotapi/backend/src/controllers/contactController.js","statementMap":{"0":{"start":{"line":7,"column":4},"end":{"line":7,"column":37}},"1":{"start":{"line":9,"column":23},"end":{"line":17,"column":1}},"2":{"start":{"line":10,"column":22},"end":{"line":10,"column":32}},"3":{"start":{"line":11,"column":2},"end":{"line":16,"column":3}},"4":{"start":{"line":12,"column":21},"end":{"line":12,"column":47}},"5":{"start":{"line":13,"column":4},"end":{"line":13,"column":35}},"6":{"start":{"line":15,"column":4},"end":{"line":15,"column":67}},"7":{"start":{"line":19,"column":19},"end":{"line":33,"column":1}},"8":{"start":{"line":20,"column":22},"end":{"line":20,"column":32}},"9":{"start":{"line":21,"column":22},"end":{"line":21,"column":46}},"10":{"start":{"line":23,"column":2},"end":{"line":32,"column":3}},"11":{"start":{"line":24,"column":4},"end":{"line":29,"column":14}},"12":{"start":{"line":25,"column":25},"end":{"line":25,"column":57}},"13":{"start":{"line":26,"column":17},"end":{"line":26,"column":40}},"14":{"start":{"line":27,"column":6},"end":{"line":27,"column":45}},"15":{"start":{"line":28,"column":6},"end":{"line":28,"column":39}},"16":{"start":{"line":31,"column":4},"end":{"line":31,"column":64}},"17":{"start":{"line":35,"column":22},"end":{"line":45,"column":1}},"18":{"start":{"line":36,"column":26},"end":{"line":36,"column":36}},"19":{"start":{"line":37,"column":2},"end":{"line":44,"column":3}},"20":{"start":{"line":38,"column":27},"end":{"line":38,"column":69}},"21":{"start":{"line":39,"column":15},"end":{"line":39,"column":38}},"22":{"start":{"line":40,"column":4},"end":{"line":40,"column":47}},"23":{"start":{"line":41,"column":4},"end":{"line":41,"column":41}},"24":{"start":{"line":43,"column":4},"end":{"line":43,"column":64}},"25":{"start":{"line":47,"column":22},"end":{"line":60,"column":1}},"26":{"start":{"line":48,"column":26},"end":{"line":48,"column":36}},"27":{"start":{"line":49,"column":2},"end":{"line":59,"column":3}},"28":{"start":{"line":50,"column":27},"end":{"line":50,"column":59}},"29":{"start":{"line":51,"column":4},"end":{"line":53,"column":5}},"30":{"start":{"line":52,"column":6},"end":{"line":52,"column":68}},"31":{"start":{"line":54,"column":15},"end":{"line":54,"column":38}},"32":{"start":{"line":55,"column":4},"end":{"line":55,"column":47}},"33":{"start":{"line":56,"column":4},"end":{"line":56,"column":57}},"34":{"start":{"line":58,"column":4},"end":{"line":58,"column":64}},"35":{"start":{"line":62,"column":28},"end":{"line":70,"column":1}},"36":{"start":{"line":63,"column":26},"end":{"line":63,"column":36}},"37":{"start":{"line":64,"column":2},"end":{"line":69,"column":3}},"38":{"start":{"line":65,"column":20},"end":{"line":65,"column":56}},"39":{"start":{"line":66,"column":4},"end":{"line":66,"column":34}},"40":{"start":{"line":68,"column":4},"end":{"line":68,"column":74}},"41":{"start":{"line":72,"column":0},"end":{"line":78,"column":2}}},"fnMap":{"0":{"name":"(anonymous_0)","decl":{"start":{"line":9,"column":23},"end":{"line":9,"column":24}},"loc":{"start":{"line":9,"column":43},"end":{"line":17,"column":1}},"line":9},"1":{"name":"(anonymous_1)","decl":{"start":{"line":19,"column":19},"end":{"line":19,"column":20}},"loc":{"start":{"line":19,"column":39},"end":{"line":33,"column":1}},"line":19},"2":{"name":"(anonymous_2)","decl":{"start":{"line":24,"column":15},"end":{"line":24,"column":16}},"loc":{"start":{"line":24,"column":27},"end":{"line":29,"column":5}},"line":24},"3":{"name":"(anonymous_3)","decl":{"start":{"line":35,"column":22},"end":{"line":35,"column":23}},"loc":{"start":{"line":35,"column":42},"end":{"line":45,"column":1}},"line":35},"4":{"name":"(anonymous_4)","decl":{"start":{"line":47,"column":22},"end":{"line":47,"column":23}},"loc":{"start":{"line":47,"column":42},"end":{"line":60,"column":1}},"line":47},"5":{"name":"(anonymous_5)","decl":{"start":{"line":62,"column":28},"end":{"line":62,"column":29}},"loc":{"start":{"line":62,"column":48},"end":{"line":70,"column":1}},"line":62}},"branchMap":{"0":{"loc":{"start":{"line":51,"column":4},"end":{"line":53,"column":5}},"type":"if","locations":[{"start":{"line":51,"column":4},"end":{"line":53,"column":5}},{"start":{},"end":{}}],"line":51}},"s":{"0":3,"1":3,"2":0,"3":0,"4":0,"5":0,"6":0,"7":3,"8":3,"9":3,"10":3,"11":3,"12":0,"13":0,"14":0,"15":0,"16":0,"17":3,"18":2,"19":2,"20":2,"21":1,"22":1,"23":0,"24":2,"25":3,"26":1,"27":1,"28":1,"29":1,"30":0,"31":1,"32":1,"33":0,"34":1,"35":3,"36":1,"37":1,"38":1,"39":1,"40":0,"41":3},"f":{"0":0,"1":3,"2":0,"3":2,"4":1,"5":1},"b":{"0":[0,1]},"_coverageSchema":"1a1c01bbd47fc00a2c39e90264f33305004495a9","hash":"7cf32fc508ddbf4e79b8ad7dd1e33c974bdfcab3"}
,"/Users/chulander/projects/job-challenges/knotapi/backend/src/controllers/userController.js": {"path":"/Users/chulander/projects/job-challenges/knotapi/backend/src/controllers/userController.js","statementMap":{"0":{"start":{"line":1,"column":16},"end":{"line":1,"column":34}},"1":{"start":{"line":2,"column":15},"end":{"line":2,"column":34}},"2":{"start":{"line":3,"column":12},"end":{"line":3,"column":35}},"3":{"start":{"line":8,"column":4},"end":{"line":8,"column":34}},"4":{"start":{"line":10,"column":20},"end":{"line":19,"column":1}},"5":{"start":{"line":11,"column":2},"end":{"line":11,"column":29}},"6":{"start":{"line":12,"column":2},"end":{"line":18,"column":3}},"7":{"start":{"line":13,"column":18},"end":{"line":13,"column":34}},"8":{"start":{"line":14,"column":4},"end":{"line":14,"column":32}},"9":{"start":{"line":15,"column":4},"end":{"line":15,"column":32}},"10":{"start":{"line":17,"column":4},"end":{"line":17,"column":64}},"11":{"start":{"line":21,"column":15},"end":{"line":47,"column":1}},"12":{"start":{"line":22,"column":2},"end":{"line":22,"column":32}},"13":{"start":{"line":23,"column":2},"end":{"line":23,"column":34}},"14":{"start":{"line":24,"column":40},"end":{"line":24,"column":48}},"15":{"start":{"line":26,"column":2},"end":{"line":46,"column":3}},"16":{"start":{"line":27,"column":25},"end":{"line":27,"column":52}},"17":{"start":{"line":28,"column":4},"end":{"line":30,"column":5}},"18":{"start":{"line":29,"column":6},"end":{"line":29,"column":71}},"19":{"start":{"line":32,"column":27},"end":{"line":32,"column":58}},"20":{"start":{"line":33,"column":20},"end":{"line":37,"column":6}},"21":{"start":{"line":39,"column":18},"end":{"line":41,"column":6}},"22":{"start":{"line":42,"column":4},"end":{"line":42,"column":54}},"23":{"start":{"line":44,"column":4},"end":{"line":44,"column":23}},"24":{"start":{"line":45,"column":4},"end":{"line":45,"column":61}},"25":{"start":{"line":49,"column":14},"end":{"line":70,"column":1}},"26":{"start":{"line":50,"column":30},"end":{"line":50,"column":38}},"27":{"start":{"line":52,"column":2},"end":{"line":69,"column":3}},"28":{"start":{"line":53,"column":17},"end":{"line":53,"column":44}},"29":{"start":{"line":54,"column":4},"end":{"line":56,"column":5}},"30":{"start":{"line":55,"column":6},"end":{"line":55,"column":70}},"31":{"start":{"line":58,"column":20},"end":{"line":58,"column":65}},"32":{"start":{"line":59,"column":4},"end":{"line":61,"column":5}},"33":{"start":{"line":60,"column":6},"end":{"line":60,"column":70}},"34":{"start":{"line":63,"column":18},"end":{"line":65,"column":6}},"35":{"start":{"line":66,"column":4},"end":{"line":66,"column":42}},"36":{"start":{"line":68,"column":4},"end":{"line":68,"column":58}},"37":{"start":{"line":72,"column":0},"end":{"line":76,"column":2}}},"fnMap":{"0":{"name":"(anonymous_0)","decl":{"start":{"line":10,"column":20},"end":{"line":10,"column":21}},"loc":{"start":{"line":10,"column":40},"end":{"line":19,"column":1}},"line":10},"1":{"name":"(anonymous_1)","decl":{"start":{"line":21,"column":15},"end":{"line":21,"column":16}},"loc":{"start":{"line":21,"column":35},"end":{"line":47,"column":1}},"line":21},"2":{"name":"(anonymous_2)","decl":{"start":{"line":49,"column":14},"end":{"line":49,"column":15}},"loc":{"start":{"line":49,"column":34},"end":{"line":70,"column":1}},"line":49}},"branchMap":{"0":{"loc":{"start":{"line":28,"column":4},"end":{"line":30,"column":5}},"type":"if","locations":[{"start":{"line":28,"column":4},"end":{"line":30,"column":5}},{"start":{},"end":{}}],"line":28},"1":{"loc":{"start":{"line":54,"column":4},"end":{"line":56,"column":5}},"type":"if","locations":[{"start":{"line":54,"column":4},"end":{"line":56,"column":5}},{"start":{},"end":{}}],"line":54},"2":{"loc":{"start":{"line":59,"column":4},"end":{"line":61,"column":5}},"type":"if","locations":[{"start":{"line":59,"column":4},"end":{"line":61,"column":5}},{"start":{},"end":{}}],"line":59}},"s":{"0":3,"1":3,"2":3,"3":3,"4":3,"5":0,"6":0,"7":0,"8":0,"9":0,"10":0,"11":3,"12":2,"13":2,"14":2,"15":2,"16":2,"17":2,"18":1,"19":1,"20":1,"21":1,"22":1,"23":0,"24":0,"25":3,"26":2,"27":2,"28":2,"29":2,"30":0,"31":2,"32":2,"33":2,"34":0,"35":0,"36":0,"37":3},"f":{"0":0,"1":2,"2":2},"b":{"0":[1,1],"1":[0,2],"2":[2,0]},"_coverageSchema":"1a1c01bbd47fc00a2c39e90264f33305004495a9","hash":"2f09fdaf0cb844f251cd4824f817a72b6b97554b"}
,"/Users/chulander/projects/job-challenges/knotapi/backend/src/db/knex.js": {"path":"/Users/chulander/projects/job-challenges/knotapi/backend/src/db/knex.js","statementMap":{"0":{"start":{"line":1,"column":16},"end":{"line":1,"column":34}},"1":{"start":{"line":2,"column":20},"end":{"line":2,"column":57}},"2":{"start":{"line":3,"column":0},"end":{"line":3,"column":41}},"3":{"start":{"line":4,"column":15},"end":{"line":4,"column":53}},"4":{"start":{"line":5,"column":0},"end":{"line":5,"column":30}},"5":{"start":{"line":6,"column":13},"end":{"line":6,"column":36}},"6":{"start":{"line":8,"column":0},"end":{"line":8,"column":22}}},"fnMap":{},"branchMap":{"0":{"loc":{"start":{"line":2,"column":20},"end":{"line":2,"column":57}},"type":"binary-expr","locations":[{"start":{"line":2,"column":20},"end":{"line":2,"column":40}},{"start":{"line":2,"column":44},"end":{"line":2,"column":57}}],"line":2}},"s":{"0":3,"1":3,"2":3,"3":3,"4":3,"5":3,"6":3},"f":{},"b":{"0":[3,0]},"_coverageSchema":"1a1c01bbd47fc00a2c39e90264f33305004495a9","hash":"78af40e4d0f6c0be1efc7286b71511f702a397fa"}
,"/Users/chulander/projects/job-challenges/knotapi/backend/src/models/contactModel.js": {"path":"/Users/chulander/projects/job-challenges/knotapi/backend/src/models/contactModel.js","statementMap":{"0":{"start":{"line":1,"column":13},"end":{"line":1,"column":34}},"1":{"start":{"line":3,"column":22},"end":{"line":14,"column":1}},"2":{"start":{"line":4,"column":23},"end":{"line":4,"column":76}},"3":{"start":{"line":6,"column":2},"end":{"line":11,"column":5}},"4":{"start":{"line":13,"column":2},"end":{"line":13,"column":20}},"5":{"start":{"line":16,"column":22},"end":{"line":33,"column":1}},"6":{"start":{"line":17,"column":18},"end":{"line":17,"column":62}},"7":{"start":{"line":19,"column":18},"end":{"line":24,"column":5}},"8":{"start":{"line":19,"column":55},"end":{"line":24,"column":3}},"9":{"start":{"line":26,"column":2},"end":{"line":26,"column":48}},"10":{"start":{"line":27,"column":27},"end":{"line":30,"column":19}},"11":{"start":{"line":32,"column":2},"end":{"line":32,"column":24}},"12":{"start":{"line":35,"column":22},"end":{"line":52,"column":1}},"13":{"start":{"line":36,"column":18},"end":{"line":36,"column":62}},"14":{"start":{"line":38,"column":2},"end":{"line":40,"column":3}},"15":{"start":{"line":39,"column":4},"end":{"line":39,"column":16}},"16":{"start":{"line":42,"column":2},"end":{"line":47,"column":5}},"17":{"start":{"line":49,"column":2},"end":{"line":49,"column":45}},"18":{"start":{"line":51,"column":2},"end":{"line":51,"column":17}},"19":{"start":{"line":55,"column":20},"end":{"line":57,"column":1}},"20":{"start":{"line":56,"column":2},"end":{"line":56,"column":65}},"21":{"start":{"line":60,"column":26},"end":{"line":64,"column":1}},"22":{"start":{"line":61,"column":2},"end":{"line":63,"column":35}},"23":{"start":{"line":66,"column":0},"end":{"line":72,"column":2}}},"fnMap":{"0":{"name":"(anonymous_0)","decl":{"start":{"line":3,"column":22},"end":{"line":3,"column":23}},"loc":{"start":{"line":3,"column":41},"end":{"line":14,"column":1}},"line":3},"1":{"name":"(anonymous_1)","decl":{"start":{"line":16,"column":22},"end":{"line":16,"column":23}},"loc":{"start":{"line":16,"column":45},"end":{"line":33,"column":1}},"line":16},"2":{"name":"(anonymous_2)","decl":{"start":{"line":19,"column":43},"end":{"line":19,"column":44}},"loc":{"start":{"line":19,"column":55},"end":{"line":24,"column":3}},"line":19},"3":{"name":"(anonymous_3)","decl":{"start":{"line":35,"column":22},"end":{"line":35,"column":23}},"loc":{"start":{"line":35,"column":36},"end":{"line":52,"column":1}},"line":35},"4":{"name":"(anonymous_4)","decl":{"start":{"line":55,"column":20},"end":{"line":55,"column":21}},"loc":{"start":{"line":55,"column":32},"end":{"line":57,"column":1}},"line":55},"5":{"name":"(anonymous_5)","decl":{"start":{"line":60,"column":26},"end":{"line":60,"column":27}},"loc":{"start":{"line":60,"column":41},"end":{"line":64,"column":1}},"line":60}},"branchMap":{"0":{"loc":{"start":{"line":38,"column":2},"end":{"line":40,"column":3}},"type":"if","locations":[{"start":{"line":38,"column":2},"end":{"line":40,"column":3}},{"start":{},"end":{}}],"line":38}},"s":{"0":3,"1":3,"2":0,"3":0,"4":0,"5":3,"6":2,"7":2,"8":3,"9":1,"10":1,"11":1,"12":3,"13":1,"14":1,"15":0,"16":1,"17":1,"18":1,"19":3,"20":0,"21":3,"22":1,"23":3},"f":{"0":0,"1":2,"2":3,"3":1,"4":0,"5":1},"b":{"0":[0,1]},"_coverageSchema":"1a1c01bbd47fc00a2c39e90264f33305004495a9","hash":"1e34c28e07ec5640063fd28b3d2bd347f0921fae"}
,"/Users/chulander/projects/job-challenges/knotapi/backend/src/models/userModel.js": {"path":"/Users/chulander/projects/job-challenges/knotapi/backend/src/models/userModel.js","statementMap":{"0":{"start":{"line":1,"column":13},"end":{"line":1,"column":34}},"1":{"start":{"line":3,"column":17},"end":{"line":5,"column":1}},"2":{"start":{"line":4,"column":2},"end":{"line":4,"column":57}},"3":{"start":{"line":7,"column":19},"end":{"line":9,"column":1}},"4":{"start":{"line":8,"column":2},"end":{"line":8,"column":51}},"5":{"start":{"line":11,"column":23},"end":{"line":13,"column":1}},"6":{"start":{"line":12,"column":2},"end":{"line":12,"column":48}},"7":{"start":{"line":15,"column":0},"end":{"line":19,"column":2}}},"fnMap":{"0":{"name":"(anonymous_0)","decl":{"start":{"line":3,"column":17},"end":{"line":3,"column":18}},"loc":{"start":{"line":3,"column":23},"end":{"line":5,"column":1}},"line":3},"1":{"name":"(anonymous_1)","decl":{"start":{"line":7,"column":19},"end":{"line":7,"column":20}},"loc":{"start":{"line":7,"column":29},"end":{"line":9,"column":1}},"line":7},"2":{"name":"(anonymous_2)","decl":{"start":{"line":11,"column":23},"end":{"line":11,"column":24}},"loc":{"start":{"line":11,"column":34},"end":{"line":13,"column":1}},"line":11}},"branchMap":{},"s":{"0":3,"1":3,"2":0,"3":3,"4":1,"5":3,"6":4,"7":3},"f":{"0":0,"1":1,"2":4},"b":{},"_coverageSchema":"1a1c01bbd47fc00a2c39e90264f33305004495a9","hash":"cd5aeac224f7afcf978d4e23c73692ef384a847c"}
,"/Users/chulander/projects/job-challenges/knotapi/backend/src/routes/contactRoutes.js": {"path":"/Users/chulander/projects/job-challenges/knotapi/backend/src/routes/contactRoutes.js","statementMap":{"0":{"start":{"line":1,"column":16},"end":{"line":1,"column":34}},"1":{"start":{"line":8,"column":4},"end":{"line":8,"column":47}},"2":{"start":{"line":10,"column":15},"end":{"line":10,"column":31}},"3":{"start":{"line":12,"column":0},"end":{"line":12,"column":40}},"4":{"start":{"line":13,"column":0},"end":{"line":13,"column":37}},"5":{"start":{"line":14,"column":0},"end":{"line":14,"column":43}},"6":{"start":{"line":15,"column":0},"end":{"line":15,"column":46}},"7":{"start":{"line":16,"column":0},"end":{"line":16,"column":57}},"8":{"start":{"line":18,"column":0},"end":{"line":18,"column":24}}},"fnMap":{},"branchMap":{},"s":{"0":3,"1":3,"2":3,"3":3,"4":3,"5":3,"6":3,"7":3,"8":3},"f":{},"b":{},"_coverageSchema":"1a1c01bbd47fc00a2c39e90264f33305004495a9","hash":"ece8bad4df0a9cd853585ecfde8831b7353af125"}
,"/Users/chulander/projects/job-challenges/knotapi/backend/src/routes/userRoutes.js": {"path":"/Users/chulander/projects/job-challenges/knotapi/backend/src/routes/userRoutes.js","statementMap":{"0":{"start":{"line":1,"column":16},"end":{"line":1,"column":34}},"1":{"start":{"line":2,"column":39},"end":{"line":2,"column":79}},"2":{"start":{"line":4,"column":15},"end":{"line":4,"column":31}},"3":{"start":{"line":6,"column":0},"end":{"line":6,"column":29}},"4":{"start":{"line":7,"column":0},"end":{"line":7,"column":31}},"5":{"start":{"line":8,"column":0},"end":{"line":8,"column":29}},"6":{"start":{"line":10,"column":0},"end":{"line":10,"column":24}}},"fnMap":{},"branchMap":{},"s":{"0":3,"1":3,"2":3,"3":3,"4":3,"5":3,"6":3},"f":{},"b":{},"_coverageSchema":"1a1c01bbd47fc00a2c39e90264f33305004495a9","hash":"8d2db6a792c9336d8e7f77fda7530e9c0f29fe7c"}
}
