TN:
SF:knexfile.js
FNF:0
FNH:0
DA:1,3
DA:2,3
DA:3,3
DA:5,3
LF:4
LH:4
BRF:0
BRH:0
end_of_record
TN:
SF:migrations/01_create_users_table.js
FN:1,(anonymous_0)
FN:2,(anonymous_1)
FN:11,(anonymous_2)
FNF:3
FNH:3
FNDA:13,(anonymous_0)
FNDA:13,(anonymous_1)
FNDA:13,(anonymous_2)
DA:1,3
DA:2,13
DA:3,13
DA:4,13
DA:5,13
DA:6,13
DA:7,13
DA:11,3
DA:12,13
LF:9
LH:9
BRF:0
BRH:0
end_of_record
TN:
SF:migrations/02_create_contacts_table.js
FN:1,(anonymous_0)
FN:2,(anonymous_1)
FN:21,(anonymous_2)
FNF:3
FNH:3
FNDA:13,(anonymous_0)
FNDA:13,(anonymous_1)
FNDA:13,(anonymous_2)
DA:1,3
DA:2,13
DA:3,13
DA:4,13
DA:11,13
DA:12,13
DA:13,13
DA:14,13
DA:15,13
DA:16,13
DA:17,13
DA:21,3
DA:22,13
LF:13
LH:13
BRF:0
BRH:0
end_of_record
TN:
SF:migrations/03_create_contact_history_table.js
FN:1,(anonymous_0)
FN:2,(anonymous_1)
FN:18,(anonymous_2)
FNF:3
FNH:3
FNDA:13,(anonymous_0)
FNDA:13,(anonymous_1)
FNDA:13,(anonymous_2)
DA:1,3
DA:2,13
DA:3,13
DA:4,13
DA:11,13
DA:12,13
DA:13,13
DA:14,13
DA:18,3
DA:19,13
LF:10
LH:10
BRF:0
BRH:0
end_of_record
TN:
SF:src/app.js
FNF:0
FNH:0
DA:1,3
DA:2,3
DA:3,3
DA:4,3
DA:5,3
DA:7,3
DA:9,3
DA:10,3
DA:12,3
DA:13,3
DA:15,3
LF:11
LH:11
BRF:0
BRH:0
end_of_record
TN:
SF:src/controllers/contactController.js
FN:9,(anonymous_0)
FN:19,(anonymous_1)
FN:24,(anonymous_2)
FN:35,(anonymous_3)
FN:47,(anonymous_4)
FN:62,(anonymous_5)
FNF:6
FNH:4
FNDA:0,(anonymous_0)
FNDA:3,(anonymous_1)
FNDA:0,(anonymous_2)
FNDA:2,(anonymous_3)
FNDA:1,(anonymous_4)
FNDA:1,(anonymous_5)
DA:7,3
DA:9,3
DA:10,0
DA:11,0
DA:12,0
DA:13,0
DA:15,0
DA:19,3
DA:20,3
DA:21,3
DA:23,3
DA:24,3
DA:25,0
DA:26,0
DA:27,0
DA:28,0
DA:31,0
DA:35,3
DA:36,2
DA:37,2
DA:38,2
DA:39,1
DA:40,1
DA:41,0
DA:43,2
DA:47,3
DA:48,1
DA:49,1
DA:50,1
DA:51,1
DA:52,0
DA:54,1
DA:55,1
DA:56,0
DA:58,1
DA:62,3
DA:63,1
DA:64,1
DA:65,1
DA:66,1
DA:68,0
DA:72,3
LF:42
LH:28
BRDA:51,0,0,0
BRDA:51,0,1,1
BRF:2
BRH:1
end_of_record
TN:
SF:src/controllers/userController.js
FN:10,(anonymous_0)
FN:21,(anonymous_1)
FN:49,(anonymous_2)
FNF:3
FNH:2
FNDA:0,(anonymous_0)
FNDA:2,(anonymous_1)
FNDA:2,(anonymous_2)
DA:1,3
DA:2,3
DA:3,3
DA:8,3
DA:10,3
DA:11,0
DA:12,0
DA:13,0
DA:14,0
DA:15,0
DA:17,0
DA:21,3
DA:22,2
DA:23,2
DA:24,2
DA:26,2
DA:27,2
DA:28,2
DA:29,1
DA:32,1
DA:33,1
DA:39,1
DA:42,1
DA:44,0
DA:45,0
DA:49,3
DA:50,2
DA:52,2
DA:53,2
DA:54,2
DA:55,0
DA:58,2
DA:59,2
DA:60,2
DA:63,0
DA:66,0
DA:68,0
DA:72,3
LF:38
LH:26
BRDA:28,0,0,1
BRDA:28,0,1,1
BRDA:54,1,0,0
BRDA:54,1,1,2
BRDA:59,2,0,2
BRDA:59,2,1,0
BRF:6
BRH:4
end_of_record
TN:
SF:src/db/knex.js
FNF:0
FNH:0
DA:1,3
DA:2,3
DA:3,3
DA:4,3
DA:6,3
LF:5
LH:5
BRDA:2,0,0,3
BRDA:2,0,1,0
BRF:2
BRH:1
end_of_record
TN:
SF:src/models/contactModel.js
FN:3,(anonymous_0)
FN:16,(anonymous_1)
FN:19,(anonymous_2)
FN:35,(anonymous_3)
FN:55,(anonymous_4)
FN:60,(anonymous_5)
FNF:6
FNH:4
FNDA:0,(anonymous_0)
FNDA:2,(anonymous_1)
FNDA:3,(anonymous_2)
FNDA:1,(anonymous_3)
FNDA:0,(anonymous_4)
FNDA:1,(anonymous_5)
DA:1,3
DA:3,3
DA:4,0
DA:6,0
DA:13,0
DA:16,3
DA:17,2
DA:19,3
DA:26,1
DA:27,1
DA:32,1
DA:35,3
DA:36,1
DA:38,1
DA:39,0
DA:42,1
DA:49,1
DA:51,1
DA:55,3
DA:56,0
DA:60,3
DA:61,1
DA:66,3
LF:23
LH:18
BRDA:38,0,0,0
BRDA:38,0,1,1
BRF:2
BRH:1
end_of_record
TN:
SF:src/models/userModel.js
FN:3,(anonymous_0)
FN:7,(anonymous_1)
FN:11,(anonymous_2)
FNF:3
FNH:2
FNDA:0,(anonymous_0)
FNDA:1,(anonymous_1)
FNDA:4,(anonymous_2)
DA:1,3
DA:3,3
DA:4,0
DA:7,3
DA:8,1
DA:11,3
DA:12,4
DA:15,3
LF:8
LH:7
BRF:0
BRH:0
end_of_record
TN:
SF:src/routes/contactRoutes.js
FNF:0
FNH:0
DA:1,3
DA:8,3
DA:10,3
DA:12,3
DA:13,3
DA:14,3
DA:15,3
DA:16,3
DA:18,3
LF:9
LH:9
BRF:0
BRH:0
end_of_record
TN:
SF:src/routes/userRoutes.js
FNF:0
FNH:0
DA:1,3
DA:2,3
DA:4,3
DA:6,3
DA:7,3
DA:8,3
DA:10,3
LF:7
LH:7
BRF:0
BRH:0
end_of_record
